
*** Running vivado
    with args -log fir.vds -m64 -product Vivado -mode batch -messageDb vivado.pb -notrace -source fir.tcl


****** Vivado v2022.1 (64-bit)
  **** SW Build 3526262 on Mon Apr 18 15:47:01 MDT 2022
  **** IP Build 3524634 on Mon Apr 18 20:55:01 MDT 2022
    ** Copyright 1986-2022 Xilinx, Inc. All Rights Reserved.

source fir.tcl -notrace
create_project: Time (s): cpu = 00:00:11 ; elapsed = 00:00:11 . Memory (MB): peak = 2859.520 ; gain = 0.023 ; free physical = 2268 ; free virtual = 6481
Command: read_checkpoint -auto_incremental -incremental /home/ubuntu/Desktop/fir_report_1_syn/fir_report_1_syn.srcs/utils_1/imports/synth_1/fir.dcp
INFO: [Vivado 12-5825] Read reference checkpoint from /home/ubuntu/Desktop/fir_report_1_syn/fir_report_1_syn.srcs/utils_1/imports/synth_1/fir.dcp for incremental synthesis
INFO: [Vivado 12-7989] Please ensure there are no constraint changes
Command: synth_design -top fir -part xc7z020clg400-1
Starting synth_design
Attempting to get a license for feature 'Synthesis' and/or device 'xc7z020'
INFO: [Common 17-349] Got license for feature 'Synthesis' and/or device 'xc7z020'
INFO: [Device 21-403] Loading part xc7z020clg400-1
INFO: [Designutils 20-5440] No compile time benefit to using incremental synthesis; A full resynthesis will be run
INFO: [Designutils 20-4379] Flow is switching to default flow due to incremental criteria not met. If you would like to alter this behaviour and have the flow terminate instead, please set the following parameter config_implementation {autoIncr.Synth.RejectBehavior Terminate}
INFO: [Synth 8-7079] Multithreading enabled for synth_design using a maximum of 4 processes.
INFO: [Synth 8-7078] Launching helper process for spawning children vivado processes
INFO: [Synth 8-7075] Helper process launched with PID 47431
WARNING: [Synth 8-9887] parameter declaration becomes local in 'fir' with formal parameter declaration list [/home/ubuntu/Desktop/fir_report_1_syn/fir_report_1_syn.srcs/sources_1/new/fir.v:76]
WARNING: [Synth 8-9887] parameter declaration becomes local in 'fir' with formal parameter declaration list [/home/ubuntu/Desktop/fir_report_1_syn/fir_report_1_syn.srcs/sources_1/new/fir.v:77]
WARNING: [Synth 8-9887] parameter declaration becomes local in 'fir' with formal parameter declaration list [/home/ubuntu/Desktop/fir_report_1_syn/fir_report_1_syn.srcs/sources_1/new/fir.v:78]
WARNING: [Synth 8-9887] parameter declaration becomes local in 'fir' with formal parameter declaration list [/home/ubuntu/Desktop/fir_report_1_syn/fir_report_1_syn.srcs/sources_1/new/fir.v:79]
WARNING: [Synth 8-9887] parameter declaration becomes local in 'fir' with formal parameter declaration list [/home/ubuntu/Desktop/fir_report_1_syn/fir_report_1_syn.srcs/sources_1/new/fir.v:80]
WARNING: [Synth 8-9887] parameter declaration becomes local in 'fir' with formal parameter declaration list [/home/ubuntu/Desktop/fir_report_1_syn/fir_report_1_syn.srcs/sources_1/new/fir.v:81]
WARNING: [Synth 8-9887] parameter declaration becomes local in 'fir' with formal parameter declaration list [/home/ubuntu/Desktop/fir_report_1_syn/fir_report_1_syn.srcs/sources_1/new/fir.v:82]
WARNING: [Synth 8-9887] parameter declaration becomes local in 'fir' with formal parameter declaration list [/home/ubuntu/Desktop/fir_report_1_syn/fir_report_1_syn.srcs/sources_1/new/fir.v:83]
WARNING: [Synth 8-9887] parameter declaration becomes local in 'fir' with formal parameter declaration list [/home/ubuntu/Desktop/fir_report_1_syn/fir_report_1_syn.srcs/sources_1/new/fir.v:84]
WARNING: [Synth 8-9887] parameter declaration becomes local in 'fir' with formal parameter declaration list [/home/ubuntu/Desktop/fir_report_1_syn/fir_report_1_syn.srcs/sources_1/new/fir.v:85]
WARNING: [Synth 8-9887] parameter declaration becomes local in 'fir' with formal parameter declaration list [/home/ubuntu/Desktop/fir_report_1_syn/fir_report_1_syn.srcs/sources_1/new/fir.v:86]
---------------------------------------------------------------------------------
Starting RTL Elaboration : Time (s): cpu = 00:00:07 ; elapsed = 00:00:08 . Memory (MB): peak = 2859.520 ; gain = 0.000 ; free physical = 1485 ; free virtual = 5698
---------------------------------------------------------------------------------
INFO: [Synth 8-6157] synthesizing module 'fir' [/home/ubuntu/Desktop/fir_report_1_syn/fir_report_1_syn.srcs/sources_1/new/fir.v:3]
INFO: [Synth 8-6155] done synthesizing module 'fir' (0#1) [/home/ubuntu/Desktop/fir_report_1_syn/fir_report_1_syn.srcs/sources_1/new/fir.v:3]
---------------------------------------------------------------------------------
Finished RTL Elaboration : Time (s): cpu = 00:00:11 ; elapsed = 00:00:12 . Memory (MB): peak = 2859.520 ; gain = 0.000 ; free physical = 1543 ; free virtual = 5757
---------------------------------------------------------------------------------
---------------------------------------------------------------------------------
Start Handling Custom Attributes
---------------------------------------------------------------------------------
---------------------------------------------------------------------------------
Finished Handling Custom Attributes : Time (s): cpu = 00:00:11 ; elapsed = 00:00:12 . Memory (MB): peak = 2859.520 ; gain = 0.000 ; free physical = 1546 ; free virtual = 5759
---------------------------------------------------------------------------------
---------------------------------------------------------------------------------
Finished RTL Optimization Phase 1 : Time (s): cpu = 00:00:11 ; elapsed = 00:00:12 . Memory (MB): peak = 2859.520 ; gain = 0.000 ; free physical = 1546 ; free virtual = 5759
---------------------------------------------------------------------------------
Netlist sorting complete. Time (s): cpu = 00:00:00.01 ; elapsed = 00:00:00.01 . Memory (MB): peak = 2859.520 ; gain = 0.000 ; free physical = 1546 ; free virtual = 5759
INFO: [Project 1-570] Preparing netlist for logic optimization

Processing XDC Constraints
Initializing timing engine
Parsing XDC File [/home/ubuntu/Desktop/fir_report_1_syn/fir_report_1_syn.srcs/constrs_1/new/constraints.xdc]
WARNING: [Constraints 18-6211] Setting input delay on a clock pin 'axis_clk' relative to clock 'axis_clk' defined on the same pin is not supported, ignoring it [/home/ubuntu/Desktop/fir_report_1_syn/fir_report_1_syn.srcs/constrs_1/new/constraints.xdc:6]
Finished Parsing XDC File [/home/ubuntu/Desktop/fir_report_1_syn/fir_report_1_syn.srcs/constrs_1/new/constraints.xdc]
INFO: [Project 1-236] Implementation specific constraints were found while reading constraint file [/home/ubuntu/Desktop/fir_report_1_syn/fir_report_1_syn.srcs/constrs_1/new/constraints.xdc]. These constraints will be ignored for synthesis but will be used in implementation. Impacted constraints are listed in the file [.Xil/fir_propImpl.xdc].
Resolution: To avoid this warning, move constraints listed in [.Xil/fir_propImpl.xdc] to another XDC file and exclude this new file from synthesis with the used_in_synthesis property (File Properties dialog in GUI) and re-run elaboration/synthesis.
Completed Processing XDC Constraints

Netlist sorting complete. Time (s): cpu = 00:00:00 ; elapsed = 00:00:00 . Memory (MB): peak = 2875.527 ; gain = 0.000 ; free physical = 1461 ; free virtual = 5674
INFO: [Project 1-111] Unisim Transformation Summary:
No Unisim elements were transformed.

Constraint Validation Runtime : Time (s): cpu = 00:00:00 ; elapsed = 00:00:00 . Memory (MB): peak = 2875.527 ; gain = 0.000 ; free physical = 1461 ; free virtual = 5674
INFO: [Designutils 20-5440] No compile time benefit to using incremental synthesis; A full resynthesis will be run
INFO: [Designutils 20-4379] Flow is switching to default flow due to incremental criteria not met. If you would like to alter this behaviour and have the flow terminate instead, please set the following parameter config_implementation {autoIncr.Synth.RejectBehavior Terminate}
---------------------------------------------------------------------------------
Finished Constraint Validation : Time (s): cpu = 00:00:23 ; elapsed = 00:00:24 . Memory (MB): peak = 2875.527 ; gain = 16.008 ; free physical = 1522 ; free virtual = 5736
---------------------------------------------------------------------------------
---------------------------------------------------------------------------------
Start Loading Part and Timing Information
---------------------------------------------------------------------------------
Loading part: xc7z020clg400-1
---------------------------------------------------------------------------------
Finished Loading Part and Timing Information : Time (s): cpu = 00:00:23 ; elapsed = 00:00:24 . Memory (MB): peak = 2875.527 ; gain = 16.008 ; free physical = 1522 ; free virtual = 5735
---------------------------------------------------------------------------------
---------------------------------------------------------------------------------
Start Applying 'set_property' XDC Constraints
---------------------------------------------------------------------------------
---------------------------------------------------------------------------------
Finished applying 'set_property' XDC Constraints : Time (s): cpu = 00:00:23 ; elapsed = 00:00:24 . Memory (MB): peak = 2875.527 ; gain = 16.008 ; free physical = 1522 ; free virtual = 5735
---------------------------------------------------------------------------------
WARNING: [Synth 8-327] inferring latch for variable 'awready_reg_reg' [/home/ubuntu/Desktop/fir_report_1_syn/fir_report_1_syn.srcs/sources_1/new/fir.v:88]
WARNING: [Synth 8-327] inferring latch for variable 'arready_reg_reg' [/home/ubuntu/Desktop/fir_report_1_syn/fir_report_1_syn.srcs/sources_1/new/fir.v:90]
WARNING: [Synth 8-327] inferring latch for variable 'rvalid_reg_reg' [/home/ubuntu/Desktop/fir_report_1_syn/fir_report_1_syn.srcs/sources_1/new/fir.v:91]
WARNING: [Synth 8-327] inferring latch for variable 'rdata_reg_reg' [/home/ubuntu/Desktop/fir_report_1_syn/fir_report_1_syn.srcs/sources_1/new/fir.v:92]
WARNING: [Synth 8-327] inferring latch for variable 'ss_tready_reg_reg' [/home/ubuntu/Desktop/fir_report_1_syn/fir_report_1_syn.srcs/sources_1/new/fir.v:93]
WARNING: [Synth 8-327] inferring latch for variable 'sm_tvalid_reg_reg' [/home/ubuntu/Desktop/fir_report_1_syn/fir_report_1_syn.srcs/sources_1/new/fir.v:97]
WARNING: [Synth 8-327] inferring latch for variable 'next_state_reg' [/home/ubuntu/Desktop/fir_report_1_syn/fir_report_1_syn.srcs/sources_1/new/fir.v:137]
WARNING: [Synth 8-327] inferring latch for variable 'next_data_reg' [/home/ubuntu/Desktop/fir_report_1_syn/fir_report_1_syn.srcs/sources_1/new/fir.v:163]
WARNING: [Synth 8-327] inferring latch for variable 'sm_tlast_reg_reg' [/home/ubuntu/Desktop/fir_report_1_syn/fir_report_1_syn.srcs/sources_1/new/fir.v:96]
WARNING: [Synth 8-327] inferring latch for variable 'tap_WE_reg_reg' [/home/ubuntu/Desktop/fir_report_1_syn/fir_report_1_syn.srcs/sources_1/new/fir.v:99]
WARNING: [Synth 8-327] inferring latch for variable 'tap_EN_reg_reg' [/home/ubuntu/Desktop/fir_report_1_syn/fir_report_1_syn.srcs/sources_1/new/fir.v:100]
WARNING: [Synth 8-327] inferring latch for variable 'tap_Di_reg_reg' [/home/ubuntu/Desktop/fir_report_1_syn/fir_report_1_syn.srcs/sources_1/new/fir.v:101]
WARNING: [Synth 8-327] inferring latch for variable 'tap_A_reg_reg' [/home/ubuntu/Desktop/fir_report_1_syn/fir_report_1_syn.srcs/sources_1/new/fir.v:102]
WARNING: [Synth 8-327] inferring latch for variable 'data_WE_reg_reg' [/home/ubuntu/Desktop/fir_report_1_syn/fir_report_1_syn.srcs/sources_1/new/fir.v:103]
WARNING: [Synth 8-327] inferring latch for variable 'data_EN_reg_reg' [/home/ubuntu/Desktop/fir_report_1_syn/fir_report_1_syn.srcs/sources_1/new/fir.v:104]
WARNING: [Synth 8-327] inferring latch for variable 'data_Di_reg_reg' [/home/ubuntu/Desktop/fir_report_1_syn/fir_report_1_syn.srcs/sources_1/new/fir.v:105]
WARNING: [Synth 8-327] inferring latch for variable 'data_A_temp_reg' [/home/ubuntu/Desktop/fir_report_1_syn/fir_report_1_syn.srcs/sources_1/new/fir.v:130]
WARNING: [Synth 8-327] inferring latch for variable 'config_reg_reg' [/home/ubuntu/Desktop/fir_report_1_syn/fir_report_1_syn.srcs/sources_1/new/fir.v:126]
WARNING: [Synth 8-327] inferring latch for variable 'data_length_reg' [/home/ubuntu/Desktop/fir_report_1_syn/fir_report_1_syn.srcs/sources_1/new/fir.v:156]
WARNING: [Synth 8-327] inferring latch for variable 'data_counter_reg' [/home/ubuntu/Desktop/fir_report_1_syn/fir_report_1_syn.srcs/sources_1/new/fir.v:132]
WARNING: [Synth 8-327] inferring latch for variable 'tap_A_temp_reg' [/home/ubuntu/Desktop/fir_report_1_syn/fir_report_1_syn.srcs/sources_1/new/fir.v:131]
WARNING: [Synth 8-327] inferring latch for variable 'write_temp_reg' [/home/ubuntu/Desktop/fir_report_1_syn/fir_report_1_syn.srcs/sources_1/new/fir.v:257]
WARNING: [Synth 8-327] inferring latch for variable 'read_temp_reg' [/home/ubuntu/Desktop/fir_report_1_syn/fir_report_1_syn.srcs/sources_1/new/fir.v:244]
---------------------------------------------------------------------------------
Finished RTL Optimization Phase 2 : Time (s): cpu = 00:00:24 ; elapsed = 00:00:26 . Memory (MB): peak = 2875.527 ; gain = 16.008 ; free physical = 1515 ; free virtual = 5729
---------------------------------------------------------------------------------
---------------------------------------------------------------------------------
Start RTL Component Statistics 
---------------------------------------------------------------------------------
Detailed RTL Component Info : 
+---Adders : 
	   2 Input   32 Bit       Adders := 2     
	   2 Input   12 Bit       Adders := 2     
	   2 Input    4 Bit       Adders := 2     
+---Registers : 
	               12 Bit    Registers := 1     
	                4 Bit    Registers := 1     
+---Multipliers : 
	              32x32  Multipliers := 1     
+---Muxes : 
	   2 Input   32 Bit        Muxes := 3     
	  12 Input   32 Bit        Muxes := 4     
	   2 Input   12 Bit        Muxes := 3     
	   2 Input    4 Bit        Muxes := 2     
	  12 Input    4 Bit        Muxes := 2     
	   2 Input    3 Bit        Muxes := 3     
	  12 Input    3 Bit        Muxes := 2     
	   2 Input    2 Bit        Muxes := 2     
	   2 Input    1 Bit        Muxes := 4     
	  12 Input    1 Bit        Muxes := 24    
	   3 Input    1 Bit        Muxes := 1     
---------------------------------------------------------------------------------
Finished RTL Component Statistics 
---------------------------------------------------------------------------------
---------------------------------------------------------------------------------
Start Part Resource Summary
---------------------------------------------------------------------------------
Part Resources:
DSPs: 220 (col length:60)
BRAMs: 280 (col length: RAMB18 60 RAMB36 30)
---------------------------------------------------------------------------------
Finished Part Resource Summary
---------------------------------------------------------------------------------
---------------------------------------------------------------------------------
Start Cross Boundary and Area Optimization
---------------------------------------------------------------------------------
WARNING: [Synth 8-7080] Parallel synthesis criteria is not met
DSP Report: Generating DSP next_data1, operation Mode is: A*B.
DSP Report: operator next_data1 is absorbed into DSP next_data1.
DSP Report: operator next_data1 is absorbed into DSP next_data1.
DSP Report: Generating DSP next_data1, operation Mode is: (PCIN>>17)+A*B.
DSP Report: operator next_data1 is absorbed into DSP next_data1.
DSP Report: operator next_data1 is absorbed into DSP next_data1.
DSP Report: Generating DSP next_data1, operation Mode is: A*B.
DSP Report: operator next_data1 is absorbed into DSP next_data1.
DSP Report: operator next_data1 is absorbed into DSP next_data1.
DSP Report: Generating DSP next_data1, operation Mode is: (PCIN>>17)+A*B.
DSP Report: operator next_data1 is absorbed into DSP next_data1.
DSP Report: operator next_data1 is absorbed into DSP next_data1.
WARNING: [Synth 8-3332] Sequential element (arready_reg_reg) is unused and will be removed from module fir.
WARNING: [Synth 8-3332] Sequential element (data_EN_reg_reg) is unused and will be removed from module fir.
---------------------------------------------------------------------------------
Finished Cross Boundary and Area Optimization : Time (s): cpu = 00:00:29 ; elapsed = 00:00:31 . Memory (MB): peak = 2875.527 ; gain = 16.008 ; free physical = 1499 ; free virtual = 5718
---------------------------------------------------------------------------------
---------------------------------------------------------------------------------
Start ROM, RAM, DSP, Shift Register and Retiming Reporting
---------------------------------------------------------------------------------

DSP: Preliminary Mapping Report (see note below. The ' indicates corresponding REG is set)
+------------+----------------+--------+--------+--------+--------+--------+------+------+------+------+-------+------+------+
|Module Name | DSP Mapping    | A Size | B Size | C Size | D Size | P Size | AREG | BREG | CREG | DREG | ADREG | MREG | PREG | 
+------------+----------------+--------+--------+--------+--------+--------+------+------+------+------+-------+------+------+
|fir         | A*B            | 18     | 16     | -      | -      | 48     | 0    | 0    | -    | -    | -     | 0    | 0    | 
|fir         | (PCIN>>17)+A*B | 16     | 16     | -      | -      | 48     | 0    | 0    | -    | -    | -     | 0    | 0    | 
|fir         | A*B            | 18     | 18     | -      | -      | 48     | 0    | 0    | -    | -    | -     | 0    | 0    | 
|fir         | (PCIN>>17)+A*B | 18     | 16     | -      | -      | 48     | 0    | 0    | -    | -    | -     | 0    | 0    | 
+------------+----------------+--------+--------+--------+--------+--------+------+------+------+------+-------+------+------+

Note: The table above is a preliminary report that shows the DSPs inferred at the current stage of the synthesis flow. Some DSP may be reimplemented as non DSP primitives later in the synthesis flow. Multiple instantiated DSPs are reported only once.
---------------------------------------------------------------------------------
Finished ROM, RAM, DSP, Shift Register and Retiming Reporting
---------------------------------------------------------------------------------
---------------------------------------------------------------------------------
Start Applying XDC Timing Constraints
---------------------------------------------------------------------------------
---------------------------------------------------------------------------------
Finished Applying XDC Timing Constraints : Time (s): cpu = 00:00:43 ; elapsed = 00:00:44 . Memory (MB): peak = 2875.527 ; gain = 16.008 ; free physical = 1354 ; free virtual = 5573
---------------------------------------------------------------------------------
---------------------------------------------------------------------------------
Start Timing Optimization
---------------------------------------------------------------------------------
---------------------------------------------------------------------------------
Finished Timing Optimization : Time (s): cpu = 00:00:45 ; elapsed = 00:00:46 . Memory (MB): peak = 2875.527 ; gain = 16.008 ; free physical = 1347 ; free virtual = 5566
---------------------------------------------------------------------------------
---------------------------------------------------------------------------------
Start Technology Mapping
---------------------------------------------------------------------------------
WARNING: [Synth 8-3332] Sequential element (data_A_temp_reg[0]) is unused and will be removed from module fir.
WARNING: [Synth 8-3332] Sequential element (tap_A_temp_reg[0]) is unused and will be removed from module fir.
---------------------------------------------------------------------------------
Finished Technology Mapping : Time (s): cpu = 00:00:45 ; elapsed = 00:00:47 . Memory (MB): peak = 2875.527 ; gain = 16.008 ; free physical = 1347 ; free virtual = 5566
---------------------------------------------------------------------------------
---------------------------------------------------------------------------------
Start IO Insertion
---------------------------------------------------------------------------------
---------------------------------------------------------------------------------
Start Flattening Before IO Insertion
---------------------------------------------------------------------------------
---------------------------------------------------------------------------------
Finished Flattening Before IO Insertion
---------------------------------------------------------------------------------
---------------------------------------------------------------------------------
Start Final Netlist Cleanup
---------------------------------------------------------------------------------
---------------------------------------------------------------------------------
Finished Final Netlist Cleanup
---------------------------------------------------------------------------------
---------------------------------------------------------------------------------
Finished IO Insertion : Time (s): cpu = 00:00:55 ; elapsed = 00:00:56 . Memory (MB): peak = 2875.527 ; gain = 16.008 ; free physical = 1347 ; free virtual = 5566
---------------------------------------------------------------------------------
---------------------------------------------------------------------------------
Start Renaming Generated Instances
---------------------------------------------------------------------------------
---------------------------------------------------------------------------------
Finished Renaming Generated Instances : Time (s): cpu = 00:00:55 ; elapsed = 00:00:56 . Memory (MB): peak = 2875.527 ; gain = 16.008 ; free physical = 1347 ; free virtual = 5566
---------------------------------------------------------------------------------
---------------------------------------------------------------------------------
Start Rebuilding User Hierarchy
---------------------------------------------------------------------------------
---------------------------------------------------------------------------------
Finished Rebuilding User Hierarchy : Time (s): cpu = 00:00:55 ; elapsed = 00:00:57 . Memory (MB): peak = 2875.527 ; gain = 16.008 ; free physical = 1347 ; free virtual = 5566
---------------------------------------------------------------------------------
---------------------------------------------------------------------------------
Start Renaming Generated Ports
---------------------------------------------------------------------------------
---------------------------------------------------------------------------------
Finished Renaming Generated Ports : Time (s): cpu = 00:00:55 ; elapsed = 00:00:57 . Memory (MB): peak = 2875.527 ; gain = 16.008 ; free physical = 1347 ; free virtual = 5566
---------------------------------------------------------------------------------
---------------------------------------------------------------------------------
Start Handling Custom Attributes
---------------------------------------------------------------------------------
---------------------------------------------------------------------------------
Finished Handling Custom Attributes : Time (s): cpu = 00:00:55 ; elapsed = 00:00:57 . Memory (MB): peak = 2875.527 ; gain = 16.008 ; free physical = 1347 ; free virtual = 5566
---------------------------------------------------------------------------------
---------------------------------------------------------------------------------
Start Renaming Generated Nets
---------------------------------------------------------------------------------
---------------------------------------------------------------------------------
Finished Renaming Generated Nets : Time (s): cpu = 00:00:55 ; elapsed = 00:00:57 . Memory (MB): peak = 2875.527 ; gain = 16.008 ; free physical = 1347 ; free virtual = 5566
---------------------------------------------------------------------------------
---------------------------------------------------------------------------------
Start Writing Synthesis Report
---------------------------------------------------------------------------------

DSP Final Report (the ' indicates corresponding REG is set)
+------------+--------------+--------+--------+--------+--------+--------+------+------+------+------+-------+------+------+
|Module Name | DSP Mapping  | A Size | B Size | C Size | D Size | P Size | AREG | BREG | CREG | DREG | ADREG | MREG | PREG | 
+------------+--------------+--------+--------+--------+--------+--------+------+------+------+------+-------+------+------+
|fir         | A*B          | 17     | 15     | -      | -      | 48     | 0    | 0    | -    | -    | -     | 0    | 0    | 
|fir         | A*B          | 17     | 17     | -      | -      | 48     | 0    | 0    | -    | -    | -     | 0    | 0    | 
|fir         | PCIN>>17+A*B | 17     | 15     | -      | -      | 48     | 0    | 0    | -    | -    | -     | 0    | 0    | 
+------------+--------------+--------+--------+--------+--------+--------+------+------+------+------+-------+------+------+


Report BlackBoxes: 
+-+--------------+----------+
| |BlackBox name |Instances |
+-+--------------+----------+
+-+--------------+----------+

Report Cell Usage: 
+------+--------+------+
|      |Cell    |Count |
+------+--------+------+
|1     |BUFG    |     9|
|2     |CARRY4  |    29|
|3     |DSP48E1 |     3|
|4     |LUT1    |     5|
|5     |LUT2    |    44|
|6     |LUT3    |    74|
|7     |LUT4    |    47|
|8     |LUT5    |    63|
|9     |LUT6    |    76|
|10    |FDCE    |    15|
|11    |LD      |   240|
|12    |LDC     |    64|
|13    |LDP     |     1|
|14    |IBUF    |   161|
|15    |OBUF    |   169|
+------+--------+------+
---------------------------------------------------------------------------------
Finished Writing Synthesis Report : Time (s): cpu = 00:00:55 ; elapsed = 00:00:57 . Memory (MB): peak = 2875.527 ; gain = 16.008 ; free physical = 1347 ; free virtual = 5566
---------------------------------------------------------------------------------
Synthesis finished with 0 errors, 0 critical warnings and 28 warnings.
Synthesis Optimization Runtime : Time (s): cpu = 00:00:51 ; elapsed = 00:00:53 . Memory (MB): peak = 2875.527 ; gain = 0.000 ; free physical = 1407 ; free virtual = 5625
Synthesis Optimization Complete : Time (s): cpu = 00:00:55 ; elapsed = 00:00:57 . Memory (MB): peak = 2875.535 ; gain = 16.008 ; free physical = 1407 ; free virtual = 5625
INFO: [Project 1-571] Translating synthesized netlist
Netlist sorting complete. Time (s): cpu = 00:00:00.02 ; elapsed = 00:00:00.02 . Memory (MB): peak = 2875.535 ; gain = 0.000 ; free physical = 1508 ; free virtual = 5727
INFO: [Netlist 29-17] Analyzing 337 Unisim elements for replacement
INFO: [Netlist 29-28] Unisim Transformation completed in 0 CPU seconds
WARNING: [Netlist 29-101] Netlist 'fir' is not ideal for floorplanning, since the cellview 'fir' contains a large number of primitives.  Please consider enabling hierarchy in synthesis if you want to do floorplanning.
INFO: [Project 1-570] Preparing netlist for logic optimization
INFO: [Opt 31-138] Pushed 0 inverter(s) to 0 load pin(s).
Netlist sorting complete. Time (s): cpu = 00:00:00 ; elapsed = 00:00:00 . Memory (MB): peak = 2875.535 ; gain = 0.000 ; free physical = 1454 ; free virtual = 5673
INFO: [Project 1-111] Unisim Transformation Summary:
  A total of 305 instances were transformed.
  LD => LDCE: 240 instances
  LDC => LDCE: 64 instances
  LDP => LDPE: 1 instance 

Synth Design complete, checksum: ddb38036
INFO: [Common 17-83] Releasing license: Synthesis
23 Infos, 41 Warnings, 0 Critical Warnings and 0 Errors encountered.
synth_design completed successfully
synth_design: Time (s): cpu = 00:01:08 ; elapsed = 00:01:05 . Memory (MB): peak = 2875.535 ; gain = 16.016 ; free physical = 1659 ; free virtual = 5878
INFO: [Common 17-1381] The checkpoint '/home/ubuntu/Desktop/fir_report_1_syn/fir_report_1_syn.runs/synth_1/fir.dcp' has been generated.
INFO: [runtcl-4] Executing : report_utilization -file fir_utilization_synth.rpt -pb fir_utilization_synth.pb
INFO: [Common 17-206] Exiting Vivado at Sat Oct 21 13:46:37 2023...
